Processing by AnalysisController#index as HTML
  Rendered analysis/index.html.erb within layouts/application (300.0ms)
Compiled jquery.ui.accordion.js  (5ms)  (pid 6736)
Compiled jquery.ui.menu.js  (4ms)  (pid 6736)
Compiled jquery.ui.autocomplete.js  (48ms)  (pid 6736)
Compiled jquery.ui.droppable.js  (7ms)  (pid 6736)
Compiled jquery.ui.effect-blind.js  (2ms)  (pid 6736)
Compiled jquery.ui.effect-bounce.js  (2ms)  (pid 6736)
Compiled jquery.ui.effect-clip.js  (1ms)  (pid 6736)
Compiled jquery.ui.effect-drop.js  (1ms)  (pid 6736)
Compiled jquery.ui.effect-explode.js  (1ms)  (pid 6736)
Compiled jquery.ui.effect-fold.js  (1ms)  (pid 6736)
Compiled jquery.ui.effect-highlight.js  (3ms)  (pid 6736)
Compiled jquery.ui.effect-pulsate.js  (2ms)  (pid 6736)
Compiled jquery.ui.effect-scale.js  (3ms)  (pid 6736)
Compiled jquery.ui.effect-shake.js  (1ms)  (pid 6736)
Compiled jquery.ui.effect-slide.js  (2ms)  (pid 6736)
Compiled jquery.ui.effect-transfer.js  (2ms)  (pid 6736)
Compiled jquery.ui.progressbar.js  (3ms)  (pid 6736)
Compiled jquery.ui.slider.js  (5ms)  (pid 6736)
Compiled jquery.ui.spinner.js  (6ms)  (pid 6736)
Compiled jquery.ui.tabs.js  (3ms)  (pid 6736)
Compiled jquery.ui.all.js  (1484ms)  (pid 6736)
Compiled application.js  (1579ms)  (pid 6736)
Completed 200 OK in 3785ms (Views: 3185.2ms | ActiveRecord: 131.0ms)
Served asset /application.css - 304 Not Modified (33ms)
Served asset /jquery.ui.core.css - 304 Not Modified (39ms)
Served asset /jquery.ui.theme.css - 304 Not Modified (11ms)
Served asset /jquery.ui.button.css - 304 Not Modified (13ms)
Served asset /jquery.ui.datepicker.css - 304 Not Modified (40ms)
Served asset /jquery.ui.resizable.css - 304 Not Modified (39ms)
Served asset /jquery.ui.dialog.css - 304 Not Modified (16ms)
Served asset /jquery.ui.tooltip.css - 304 Not Modified (14ms)
Served asset /analysis.css - 304 Not Modified (32ms)
Served asset /attachments.css - 304 Not Modified (4ms)
Served asset /chosen.css - 304 Not Modified (29ms)
Served asset /clientconfigs.css - 304 Not Modified (5ms)
Served asset /clients.css - 304 Not Modified (32ms)
Served asset /coaches.css - 304 Not Modified (5ms)
Served asset /countries.css - 304 Not Modified (35ms)
Served asset /externals.css - 304 Not Modified (7ms)
Served asset /managers.css - 304 Not Modified (31ms)
Served asset /matches.css - 304 Not Modified (5ms)
Served asset /pie.css - 304 Not Modified (4ms)
Served asset /players.css - 304 Not Modified (4ms)
Served asset /reports.css - 304 Not Modified (4ms)
Served asset /reveal.css - 304 Not Modified (5ms)
Served asset /scaffolds.css - 304 Not Modified (4ms)
Served asset /scorecards.css - 304 Not Modified (4ms)
Served asset /teams.css - 304 Not Modified (4ms)
Served asset /tournaments.css - 304 Not Modified (5ms)
Served asset /venues.css - 304 Not Modified (5ms)
Served asset /jquery.js - 304 Not Modified (39ms)
Served asset /jquery_ujs.js - 304 Not Modified (38ms)
Served asset /jquery.ui.core.js - 304 Not Modified (11ms)
Served asset /jquery.ui.widget.js - 304 Not Modified (10ms)
Served asset /jquery.ui.accordion.js - 200 OK (43ms)
Served asset /jquery.ui.position.js - 304 Not Modified (38ms)
Served asset /jquery.ui.menu.js - 200 OK (15ms)
Served asset /jquery.ui.autocomplete.js - 200 OK (17ms)
Served asset /jquery.ui.button.js - 304 Not Modified (50ms)
Served asset /jquery.ui.datepicker.js - 304 Not Modified (39ms)
Served asset /jquery.ui.mouse.js - 304 Not Modified (13ms)
Served asset /jquery.ui.draggable.js - 304 Not Modified (14ms)
Served asset /jquery.ui.resizable.js - 304 Not Modified (41ms)
Served asset /jquery.ui.dialog.js - 304 Not Modified (48ms)
Served asset /jquery.ui.droppable.js - 200 OK (17ms)
Served asset /jquery.ui.effect.js - 304 Not Modified (11ms)
Served asset /jquery.ui.effect-blind.js - 200 OK (39ms)
Served asset /jquery.ui.effect-bounce.js - 200 OK (14ms)
Served asset /jquery.ui.effect-clip.js - 200 OK (13ms)
Served asset /jquery.ui.effect-drop.js - 200 OK (13ms)
Served asset /jquery.ui.effect-explode.js - 200 OK (37ms)
Served asset /jquery.ui.effect-fade.js - 304 Not Modified (13ms)
Served asset /jquery.ui.effect-fold.js - 200 OK (13ms)
Served asset /jquery.ui.effect-highlight.js - 200 OK (42ms)
Served asset /jquery.ui.effect-pulsate.js - 200 OK (44ms)
Served asset /jquery.ui.effect-scale.js - 200 OK (13ms)
Served asset /jquery.ui.effect-shake.js - 200 OK (12ms)
Served asset /jquery.ui.effect-slide.js - 200 OK (44ms)
Served asset /jquery.ui.effect-transfer.js - 200 OK (39ms)
Served asset /jquery.ui.progressbar.js - 200 OK (14ms)
Served asset /jquery.ui.selectable.js - 304 Not Modified (14ms)
Served asset /jquery.ui.slider.js - 200 OK (44ms)
Served asset /jquery.ui.sortable.js - 304 Not Modified (40ms)
Served asset /jquery.ui.spinner.js - 200 OK (16ms)
Served asset /jquery.ui.tabs.js - 200 OK (14ms)
Served asset /jquery.ui.tooltip.js - 304 Not Modified (13ms)
Served asset /jquery.ui.all.js - 200 OK (83ms)
Served asset /jquery.turbolinks.js - 304 Not Modified (4ms)
Served asset /turbolinks.js - 304 Not Modified (5ms)
Served asset /analysis.js - 304 Not Modified (3ms)
Served asset /chosen.jquery.min.js - 304 Not Modified (3ms)
Served asset /clientconfigs.js - 304 Not Modified (3ms)
Served asset /clients.js - 304 Not Modified (3ms)
Served asset /coaches.js - 304 Not Modified (4ms)
Served asset /country.js - 304 Not Modified (3ms)
Served asset /jquery.reveal.js - 304 Not Modified (4ms)
Served asset /jquery.reverseorder.js - 304 Not Modified (33ms)
Served asset /managers.js - 304 Not Modified (4ms)
Served asset /matches.js - 304 Not Modified (30ms)
Served asset /pie.js - 304 Not Modified (5ms)
Served asset /players.js - 304 Not Modified (31ms)
Served asset /raphael.js - 304 Not Modified (4ms)
Served asset /reports.js - 304 Not Modified (32ms)
Served asset /scorecards.js - 304 Not Modified (3ms)
Served asset /teams.js - 304 Not Modified (3ms)
Served asset /tournaments.js - 304 Not Modified (4ms)
Served asset /venues.js - 304 Not Modified (4ms)
Served asset /application.js - 200 OK (76ms)
Processing by AnalysisController#matchwins as JSON
  Parameters: {"clientkey"=>"2", "_"=>"1388803427419"}
Completed 200 OK in 13ms (Views: 0.0ms | ActiveRecord: 4.0ms)
Processing by ClientconfigsController#settings as JSON
  Parameters: {"clientkey"=>"2", "_"=>"1388803427420"}
Completed 200 OK in 65ms (Views: 13.0ms | ActiveRecord: 11.0ms)
Processing by MatchesController#index as HTML
  Rendered matches/index.html.erb within layouts/application (120.0ms)
Completed 200 OK in 235ms (Views: 215.0ms | ActiveRecord: 17.0ms)
Served asset /country.png - 304 Not Modified (64ms)
Served asset /tournament.png - 304 Not Modified (3ms)
Served asset /player.png - 304 Not Modified (3ms)
Served asset /manager.png - 304 Not Modified (3ms)
Served asset /coach.png - 304 Not Modified (3ms)
Served asset /team.png - 304 Not Modified (3ms)
Served asset /venue.png - 304 Not Modified (3ms)
Served asset /match.png - 304 Not Modified (3ms)
Served asset /match-over.png - 200 OK (6ms)
Processing by MatchesController#new as HTML
  Rendered matches/_form.html.erb (7.0ms)
  Rendered matches/new.html.erb within layouts/application (121.0ms)
Completed 200 OK in 209ms (Views: 195.0ms | ActiveRecord: 4.0ms)
Served asset /country.png - 304 Not Modified (0ms)
Served asset /tournament.png - 304 Not Modified (0ms)
Served asset /player.png - 304 Not Modified (0ms)
Served asset /manager.png - 304 Not Modified (0ms)
Served asset /coach.png - 304 Not Modified (0ms)
Served asset /team.png - 304 Not Modified (0ms)
Served asset /venue.png - 304 Not Modified (0ms)
Served asset /create.png - 200 OK (77ms)
Served asset /jquery-ui/ui-bg_flat_75_ffffff_40x100.png - 200 OK (19ms)
Served asset /venue-over.png - 200 OK (33ms)
Served asset /venue.png - 304 Not Modified (0ms)
Served asset /team-over.png - 200 OK (123ms)
Served asset /team.png - 304 Not Modified (0ms)
Processing by TeamsController#new as HTML
  Rendered teams/_form.html.erb (36.0ms)
  Rendered teams/new.html.erb within layouts/application (68.0ms)
Completed 200 OK in 159ms (Views: 144.0ms | ActiveRecord: 8.0ms)
Served asset /application.css - 304 Not Modified (3ms)
Served asset /jquery.ui.core.css - 304 Not Modified (0ms)
Served asset /jquery.ui.theme.css - 304 Not Modified (0ms)
Served asset /jquery.ui.button.css - 304 Not Modified (0ms)
Served asset /jquery.ui.datepicker.css - 304 Not Modified (0ms)
Served asset /jquery.ui.resizable.css - 304 Not Modified (0ms)
Served asset /jquery.ui.dialog.css - 304 Not Modified (0ms)
Served asset /jquery.ui.tooltip.css - 304 Not Modified (0ms)
Served asset /analysis.css - 304 Not Modified (0ms)
Served asset /attachments.css - 304 Not Modified (1ms)
Served asset /chosen.css - 304 Not Modified (0ms)
Served asset /clientconfigs.css - 304 Not Modified (0ms)
Served asset /clients.css - 304 Not Modified (0ms)
Served asset /coaches.css - 304 Not Modified (0ms)
Served asset /countries.css - 304 Not Modified (0ms)
Served asset /externals.css - 304 Not Modified (0ms)
Served asset /managers.css - 304 Not Modified (0ms)
Served asset /matches.css - 304 Not Modified (0ms)
Served asset /pie.css - 304 Not Modified (0ms)
Served asset /players.css - 304 Not Modified (0ms)
Served asset /reports.css - 304 Not Modified (0ms)
Served asset /reveal.css - 304 Not Modified (0ms)
Served asset /scaffolds.css - 304 Not Modified (0ms)
Served asset /scorecards.css - 304 Not Modified (0ms)
Served asset /teams.css - 304 Not Modified (0ms)
Served asset /tournaments.css - 304 Not Modified (0ms)
Served asset /venues.css - 304 Not Modified (0ms)
Served asset /jquery.js - 304 Not Modified (0ms)
Served asset /jquery_ujs.js - 304 Not Modified (0ms)
Served asset /jquery.ui.core.js - 304 Not Modified (0ms)
Served asset /jquery.ui.widget.js - 304 Not Modified (0ms)
Served asset /jquery.ui.position.js - 304 Not Modified (0ms)
Served asset /jquery.ui.menu.js - 304 Not Modified (0ms)
Served asset /jquery.ui.button.js - 304 Not Modified (0ms)
Served asset /jquery.ui.datepicker.js - 304 Not Modified (0ms)
Served asset /jquery.ui.mouse.js - 304 Not Modified (0ms)
Served asset /jquery.ui.draggable.js - 304 Not Modified (1ms)
Served asset /jquery.ui.resizable.js - 304 Not Modified (0ms)
Served asset /jquery.ui.dialog.js - 304 Not Modified (0ms)
Served asset /jquery.ui.effect.js - 304 Not Modified (0ms)
Served asset /jquery.ui.effect-fade.js - 304 Not Modified (0ms)
Served asset /jquery.ui.selectable.js - 304 Not Modified (1ms)
Served asset /jquery.ui.sortable.js - 304 Not Modified (1ms)
Served asset /jquery.ui.tooltip.js - 304 Not Modified (0ms)
Served asset /jquery.turbolinks.js - 304 Not Modified (0ms)
Served asset /turbolinks.js - 304 Not Modified (0ms)
Served asset /analysis.js - 304 Not Modified (0ms)
Served asset /chosen.jquery.min.js - 304 Not Modified (0ms)
Served asset /clientconfigs.js - 304 Not Modified (0ms)
Served asset /clients.js - 304 Not Modified (0ms)
Served asset /coaches.js - 304 Not Modified (0ms)
Served asset /country.js - 304 Not Modified (1ms)
Served asset /jquery.reveal.js - 304 Not Modified (0ms)
Served asset /jquery.reverseorder.js - 304 Not Modified (0ms)
Served asset /managers.js - 304 Not Modified (0ms)
Served asset /matches.js - 304 Not Modified (0ms)
Served asset /pie.js - 304 Not Modified (0ms)
Served asset /players.js - 304 Not Modified (0ms)
Served asset /raphael.js - 304 Not Modified (0ms)
Served asset /reports.js - 304 Not Modified (0ms)
Served asset /scorecards.js - 304 Not Modified (0ms)
Served asset /teams.js - 304 Not Modified (0ms)
Served asset /tournaments.js - 304 Not Modified (0ms)
Served asset /venues.js - 304 Not Modified (0ms)
Served asset /application.js - 304 Not Modified (7ms)
Served asset /country.png - 304 Not Modified (0ms)
Served asset /tournament.png - 304 Not Modified (0ms)
Served asset /player.png - 304 Not Modified (0ms)
Served asset /manager.png - 304 Not Modified (1ms)
Served asset /team.png - 304 Not Modified (0ms)
Served asset /coach.png - 304 Not Modified (0ms)
Served asset /match.png - 304 Not Modified (0ms)
Served asset /venue.png - 304 Not Modified (0ms)
Served asset /greater_than.png - 200 OK (42ms)
Served asset /less_than.png - 200 OK (6ms)
Served asset /team-over.png - 304 Not Modified (0ms)
Served asset /create-over.png - 200 OK (6ms)
Processing by TeamsController#new as HTML
  Rendered teams/_form.html.erb (23.0ms)
  Rendered teams/new.html.erb within layouts/application (27.0ms)
Completed 200 OK in 93ms (Views: 79.0ms | ActiveRecord: 6.0ms)
Served asset /application.css - 304 Not Modified (2ms)
Served asset /jquery.ui.core.css - 304 Not Modified (0ms)
Served asset /jquery.ui.theme.css - 304 Not Modified (0ms)
Served asset /jquery.ui.button.css - 304 Not Modified (1ms)
Served asset /jquery.ui.datepicker.css - 304 Not Modified (0ms)
Served asset /jquery.ui.resizable.css - 304 Not Modified (0ms)
Served asset /jquery.ui.dialog.css - 304 Not Modified (0ms)
Served asset /jquery.ui.tooltip.css - 304 Not Modified (0ms)
Served asset /analysis.css - 304 Not Modified (0ms)
Served asset /attachments.css - 304 Not Modified (0ms)
Served asset /chosen.css - 304 Not Modified (0ms)
Served asset /clientconfigs.css - 304 Not Modified (0ms)
Served asset /clients.css - 304 Not Modified (0ms)
Served asset /coaches.css - 304 Not Modified (0ms)
Served asset /countries.css - 304 Not Modified (0ms)
Served asset /externals.css - 304 Not Modified (0ms)
Served asset /managers.css - 304 Not Modified (0ms)
Served asset /matches.css - 304 Not Modified (0ms)
Served asset /pie.css - 304 Not Modified (0ms)
Served asset /players.css - 304 Not Modified (0ms)
Served asset /reports.css - 304 Not Modified (1ms)
Served asset /reveal.css - 304 Not Modified (0ms)
Served asset /scaffolds.css - 304 Not Modified (0ms)
Served asset /scorecards.css - 304 Not Modified (0ms)
Served asset /teams.css - 304 Not Modified (0ms)
Served asset /tournaments.css - 304 Not Modified (0ms)
Served asset /venues.css - 304 Not Modified (0ms)
Served asset /jquery.js - 304 Not Modified (0ms)
Served asset /jquery_ujs.js - 304 Not Modified (0ms)
Served asset /jquery.ui.core.js - 304 Not Modified (0ms)
Served asset /jquery.ui.widget.js - 304 Not Modified (0ms)
Served asset /jquery.ui.position.js - 304 Not Modified (0ms)
Served asset /jquery.ui.menu.js - 304 Not Modified (1ms)
Served asset /jquery.ui.button.js - 304 Not Modified (0ms)
Served asset /jquery.ui.datepicker.js - 304 Not Modified (1ms)
Served asset /jquery.ui.mouse.js - 304 Not Modified (0ms)
Served asset /jquery.ui.datepicker.js - 304 Not Modified (0ms)
Served asset /jquery.ui.draggable.js - 304 Not Modified (1ms)
Served asset /jquery.ui.resizable.js - 304 Not Modified (0ms)
Served asset /jquery.ui.dialog.js - 304 Not Modified (0ms)
Served asset /jquery.ui.effect.js - 304 Not Modified (0ms)
Served asset /jquery.ui.effect-fade.js - 304 Not Modified (0ms)
Served asset /jquery.ui.selectable.js - 304 Not Modified (0ms)
Served asset /jquery.ui.sortable.js - 304 Not Modified (0ms)
Served asset /jquery.ui.tooltip.js - 304 Not Modified (0ms)
Served asset /jquery.turbolinks.js - 304 Not Modified (0ms)
Served asset /turbolinks.js - 304 Not Modified (0ms)
Served asset /analysis.js - 304 Not Modified (0ms)
Served asset /chosen.jquery.min.js - 304 Not Modified (0ms)
Served asset /clientconfigs.js - 304 Not Modified (0ms)
Served asset /clients.js - 304 Not Modified (0ms)
Served asset /coaches.js - 304 Not Modified (1ms)
Served asset /country.js - 304 Not Modified (0ms)
Served asset /jquery.reveal.js - 304 Not Modified (0ms)
Served asset /jquery.reverseorder.js - 304 Not Modified (0ms)
Served asset /managers.js - 304 Not Modified (0ms)
Served asset /matches.js - 304 Not Modified (0ms)
Served asset /pie.js - 304 Not Modified (0ms)
Served asset /players.js - 304 Not Modified (0ms)
Served asset /raphael.js - 304 Not Modified (0ms)
Served asset /reports.js - 304 Not Modified (0ms)
Served asset /scorecards.js - 304 Not Modified (0ms)
Served asset /teams.js - 304 Not Modified (0ms)
Served asset /tournaments.js - 304 Not Modified (0ms)
Served asset /venues.js - 304 Not Modified (0ms)
Served asset /application.js - 304 Not Modified (6ms)
Served asset /country.png - 304 Not Modified (0ms)
Served asset /tournament.png - 304 Not Modified (0ms)
Served asset /player.png - 304 Not Modified (0ms)
Served asset /manager.png - 304 Not Modified (0ms)
Served asset /coach.png - 304 Not Modified (0ms)
Served asset /team.png - 304 Not Modified (0ms)
Served asset /venue.png - 304 Not Modified (1ms)
Served asset /match.png - 304 Not Modified (0ms)
Served asset /team-over.png - 304 Not Modified (0ms)
